<?xml version="1.0" encoding="UTF-8"?>
<testsuite xmlns:xsi="http://www.w3.org/2001/XMLSchema-instance" xsi:noNamespaceSchemaLocation="https://maven.apache.org/surefire/maven-surefire-plugin/xsd/surefire-test-report.xsd" name="org.acme.travels.PersonsProcessTest" time="9.09" tests="2" errors="0" skipped="0" failures="0">
  <properties>
[...]
</properties>
  <testcase name="testAdult" classname="org.acme.travels.PersonsProcessTest" time="1.833"/>
  <testcase name="testChild" classname="org.acme.travels.PersonsProcessTest" time="0.583"/>
</testsuite>